<?xml version="1.0" encoding="UTF-8"?>
<!-- Generated by org.testng.reporters.JUnitReportReporter -->
<testsuite hostname="IBM-5F0MH24" failures="0" tests="3" name="testNgConcepts.Annot" time="0.009" errors="0" timestamp="2024-07-17T11:50:52 IST" skipped="0">
  <testcase classname="testNgConcepts.Annot" name="testCase2" time="0.003"/>
  <testcase classname="testNgConcepts.Annot" name="testCase1" time="0.003"/>
  <testcase classname="testNgConcepts.Annot" name="testCase3" time="0.003"/>
</testsuite> <!-- testNgConcepts.Annot -->
