<?xml version="1.0" encoding="UTF-8"?>
<!-- Generated by org.testng.reporters.JUnitReportReporter -->
<testsuite hostname="IBM-5F0MH24" failures="0" tests="1" name="testCasesAmazon.test2" time="35.773" errors="0" timestamp="2024-07-17T12:23:11 IST" skipped="0">
  <testcase classname="testCasesAmazon.test2" name="MoviesAndTv" time="35.773"/>
</testsuite> <!-- testCasesAmazon.test2 -->
