<?xml version="1.0" encoding="UTF-8"?>
<!-- Generated by org.testng.reporters.JUnitReportReporter -->
<testsuite hostname="IBM-5F0MH24" failures="0" tests="1" name="testNgConcepts.test1" time="31.519" errors="0" timestamp="2024-07-17T11:55:39 IST" skipped="0">
  <testcase classname="testNgConcepts.test1" name="Books" time="31.519"/>
</testsuite> <!-- testNgConcepts.test1 -->
