<?xml version="1.0" encoding="UTF-8"?>
<!-- Generated by org.testng.reporters.JUnitReportReporter -->
<testsuite hostname="IBM-5F0MH24" failures="0" tests="1" name="selenium_concepts.AlertDemo" time="5.391" errors="0" timestamp="2024-07-17T14:51:00 IST" skipped="0">
  <testcase classname="selenium_concepts.AlertDemo" name="Books" time="5.391"/>
</testsuite> <!-- selenium_concepts.AlertDemo -->
