<?xml version="1.0" encoding="UTF-8"?>
<!-- Generated by org.testng.reporters.JUnitReportReporter -->
<testsuite hostname="IBM-5F0MH24" failures="0" tests="1" name="selenium_concepts.TakeScreenshotExample" time="15.230" errors="0" timestamp="2024-07-17T14:13:07 IST" skipped="0">
  <testcase classname="selenium_concepts.TakeScreenshotExample" name="Books" time="15.230"/>
</testsuite> <!-- selenium_concepts.TakeScreenshotExample -->
