<?xml version="1.0" encoding="UTF-8"?>
<!-- Generated by org.testng.reporters.JUnitReportReporter -->
<testsuite hostname="IBM-5F0MH24" failures="0" tests="1" name="testNgConcepts.HardAssert" time="0.001" errors="0" timestamp="2024-07-17T11:50:52 IST" skipped="0">
  <testcase classname="testNgConcepts.HardAssert" name="testCase1" time="0.001"/>
</testsuite> <!-- testNgConcepts.HardAssert -->
