<?xml version="1.0" encoding="UTF-8"?>
<!-- Generated by org.testng.reporters.JUnitReportReporter -->
<testsuite hostname="IBM-5F0MH24" failures="0" tests="1" name="Assignment.Alchemy" time="8.904" errors="0" timestamp="2024-07-18T15:59:24 IST" skipped="0">
  <testcase classname="Assignment.Alchemy" name="FilterOpportunities" time="8.904"/>
</testsuite> <!-- Assignment.Alchemy -->
