<?xml version="1.0" encoding="UTF-8"?>
<!-- Generated by org.testng.reporters.JUnitReportReporter -->
<testsuite hostname="IBM-5F0MH24" failures="0" tests="1" name="testCasesAmazon.test1" time="40.389" errors="0" timestamp="2024-07-17T12:23:11 IST" skipped="0">
  <testcase classname="testCasesAmazon.test1" name="Books" time="40.389"/>
</testsuite> <!-- testCasesAmazon.test1 -->
